.CODE
PUSH simple_heap_init
CALL
PUSH lblMetmain@Init
CALL
HALT

simple_heap_init: RET 0 ; Retorna inmediatamente

simple_malloc: LOADFP ; Inicialización unidad
LOADSP
STOREFP ; Finaliza inicialización del RA
LOADHL ; hl
DUP ; hl
PUSH 1 ; 1
ADD ; hl+1
STORE 4 ; Guarda el resultado (puntero a primera celda de memoria
LOAD 3 ; Carga la cantidad de celdas a alojar
ADD
STOREHL ; Mueve el heap limit (hl). Expande el heap
STOREFP
RET 1 ; Retorna eliminando el parámetro

.DATA
lblVTA: DW lblMetanother@A

.CODE
lblConstructor@A: LOADFP ; Apila el valor del registro FP
LOADSP ; Apila el valor del registro FP
STOREFP ; Apila el valor del registro FP
STOREFP ; Almacena el tope de la pila en el registro
RET 1

lblMetanother@A: LOADFP ; Apila el valor del registro FP
LOADSP ; Apila el valor del registro FP
STOREFP ; Apila el valor del registro FP
PUSH 10 ; Literal entero
LOAD 3 ; Cargo this
SWAP
STOREREF 1 ; Offset de variable en this
LOAD 3 ; Cargo this
LOADREF 1 ; Offset de variable en this
PUSH 10 ; Literal entero
LT ; Menor
BF lblElse21 ; Salto si es falso
LOAD 3 ; Cargo this
LOADREF 1 ; Offset de variable en this
PUSH lblMetdebugPrint@Object ; Cargo la etiqueta del metodo
CALL
FMEM 0
lblElse21: NOP
LOAD 3 ; Cargo this
LOADREF 1 ; Offset de variable en this
PUSH 0 ; Literal entero
GT ; Mayor
BF lblElse22 ; Salto si es falso
LOAD 3 ; Cargo this
LOADREF 1 ; Offset de variable en this
PUSH lblMetdebugPrint@Object ; Cargo la etiqueta del metodo
CALL
FMEM 0
lblElse22: NOP
FMEM 0
STOREFP ; Almacena el tope de la pila en el registro
RET 1

.DATA
lblVTInit: NOP

.CODE
lblConstructor@Init: LOADFP ; Apila el valor del registro FP
LOADSP ; Apila el valor del registro FP
STOREFP ; Apila el valor del registro FP
STOREFP ; Almacena el tope de la pila en el registro
RET 1

lblMetmain@Init: LOADFP ; Apila el valor del registro FP
LOADSP ; Apila el valor del registro FP
STOREFP ; Apila el valor del registro FP
RMEM 1 ; Reserva memoria para var local
PUSH 33 ; Literal entero
STORE 0 ; Store var local x
RMEM 1 ; Reserva memoria para var local
RMEM 1 ; Reservo memoria para malloc
PUSH 2 ; Cantidad de atributos de instancia + this
PUSH simple_malloc
CALL
DUP ; Para no perder la referencia al nuevo CIR
PUSH lblVTA ; Direccion del cominezo de la VT de la clase
STOREREF 0 ; Guardamos la Referencia a la VT en el CIR que creamos
DUP
PUSH lblConstructor@A
CALL ; Llamo al constructor
STORE -1 ; Store var local obj
LOAD -1 ; Offset de variable en RA
DUP ; Duplico this para no perderlo
LOADREF 0 ; Cargo la VT
LOADREF 0 ; Cargo la direccion de metodo
CALL
LOAD 0 ; Offset de variable en RA
PUSH 10 ; Literal entero
GT ; Mayor
BF lblElse19 ; Salto si es falso
LOAD 0 ; Offset de variable en RA
PUSH lblMetdebugPrint@Object ; Cargo la etiqueta del metodo
CALL
FMEM 0
lblElse19: NOP
LOAD 0 ; Offset de variable en RA
PUSH 5 ; Literal entero
EQ ; Igual
BF lblElse20 ; Salto si es falso
LOAD 0 ; Offset de variable en RA
PUSH lblMetdebugPrint@Object ; Cargo la etiqueta del metodo
CALL
FMEM 0
lblElse20: NOP
FMEM 2
STOREFP ; Almacena el tope de la pila en el registro
RET 0

.DATA
lblVTObject: NOP

.CODE
lblConstructor@Object: LOADFP ; Apila el valor del registro FP
LOADSP ; Apila el valor del registro FP
STOREFP ; Apila el valor del registro FP
STOREFP ; Almacena el tope de la pila en el registro
RET 1

lblMetdebugPrint@Object: LOADFP ; Apila el valor del registro FP
LOADSP ; Apila el valor del registro FP
STOREFP ; Apila el valor del registro FP
LOAD 3 ; Apila el parámetro
IPRINT ; Imprime el entero en el tope de la pila
STOREFP ; Almacena el tope de la pila en el registro
RET 1

.DATA
lblVTString: NOP

.CODE
lblConstructor@String: LOADFP ; Apila el valor del registro FP
LOADSP ; Apila el valor del registro FP
STOREFP ; Apila el valor del registro FP
STOREFP ; Almacena el tope de la pila en el registro
RET 1

.DATA
lblVTSystem: NOP

.CODE
lblConstructor@System: LOADFP ; Apila el valor del registro FP
LOADSP ; Apila el valor del registro FP
STOREFP ; Apila el valor del registro FP
STOREFP ; Almacena el tope de la pila en el registro
RET 1

lblMetread@System: LOADFP ; Apila el valor del registro FP
LOADSP ; Apila el valor del registro FP
STOREFP ; Apila el valor del registro FP
READ ; Lee un valor entero
PUSH 48 ; Por ASCII
SUB
STORE 3 ; Devuelve el valor entero leído, poniendo el tope de la pila en la locación reservada
STOREFP ; Almacena el tope de la pila en el registro
RET 0

lblMetprintB@System: LOADFP ; Apila el valor del registro FP
LOADSP ; Apila el valor del registro FP
STOREFP ; Apila el valor del registro FP
LOAD 3 ; Apila el parámetro
BPRINT ; Imprime el boolean en el tope de la pila
STOREFP ; Almacena el tope de la pila en el registro
RET 1

lblMetprintC@System: LOADFP ; Apila el valor del registro FP
LOADSP ; Apila el valor del registro FP
STOREFP ; Apila el valor del registro FP
LOAD 3 ; Apila el parámetro
CPRINT ; Imprime el char en el tope de la pila
STOREFP ; Almacena el tope de la pila en el registro
RET 1

lblMetprintI@System: LOADFP ; Apila el valor del registro FP
LOADSP ; Apila el valor del registro FP
STOREFP ; Apila el valor del registro FP
LOAD 3 ; Apila el parámetro
IPRINT ; Imprime el entero en el tope de la pila
STOREFP ; Almacena el tope de la pila en el registro
RET 1

lblMetprintS@System: LOADFP ; Apila el valor del registro FP
LOADSP ; Apila el valor del registro FP
STOREFP ; Apila el valor del registro FP
LOAD 3 ; Apila el parámetro
SPRINT ; Imprime el string en el tope de la pila
STOREFP ; Almacena el tope de la pila en el registro
RET 1

lblMetprintln@System: LOADFP ; Apila el valor del registro FP
LOADSP ; Apila el valor del registro FP
STOREFP ; Apila el valor del registro FP
PRNLN ; Imprime el caracter de nueva línea
STOREFP ; Almacena el tope de la pila en el registro
RET 0

lblMetprintBln@System: LOADFP ; Apila el valor del registro FP
LOADSP ; Apila el valor del registro FP
STOREFP ; Apila el valor del registro FP
LOAD 3 ; Apila el parámetro
BPRINT ; Imprime el boolean en el tope de la pila
PRNLN ; Imprime el caracter de nueva línea
STOREFP ; Almacena el tope de la pila en el registro
RET 1

lblMetprintCln@System: LOADFP ; Apila el valor del registro FP
LOADSP ; Apila el valor del registro FP
STOREFP ; Apila el valor del registro FP
LOAD 3 ; Apila el parámetro
CPRINT ; Imprime el char en el tope de la pila
PRNLN ; Imprime el caracter de nueva línea
STOREFP ; Almacena el tope de la pila en el registro
RET 1

lblMetprintIln@System: LOADFP ; Apila el valor del registro FP
LOADSP ; Apila el valor del registro FP
STOREFP ; Apila el valor del registro FP
LOAD 3 ; Apila el parámetro
IPRINT ; Imprime el entero en el tope de la pila
PRNLN ; Imprime el caracter de nueva línea
STOREFP ; Almacena el tope de la pila en el registro
RET 1

lblMetprintSln@System: LOADFP ; Apila el valor del registro FP
LOADSP ; Apila el valor del registro FP
STOREFP ; Apila el valor del registro FP
LOAD 3 ; Apila el parámetro
SPRINT ; Imprime el string en el tope de la pila
PRNLN ; Imprime el caracter de nueva línea
STOREFP ; Almacena el tope de la pila en el registro
RET 1

